help.are
dm.are
housing.are
gods.are
mordekainen.are
newbully.are
newdarkforest.are
newdarkhaven.are
goldenfields.are
newacademy.are
newlight.are
soronys.are
skyfall.are
khantul.are
map1.are
taverns1.are
whisperinggiants.are
wolflake.are
demonmarsh.are
oldgate.are
oldgatecemetary.are
icewitch.are
dales.are
trollmarsh.are
hobfort.are
temos.are
friswood.are
oldsewers.are
pbandits.are
fairyvillage1.are
newdarkspider.are
whisperingpeakmines.are
meridan.are
frostmeet.are
meridancircus.are
kcamp1.are
magepath.are
darkhold.are
darkholdcrypt.are
daven.are
pforests.are
$
